Using pre-set license
Built from '2020.2/staging' branch; Version is '2020.2.6f1 (8a2143876886) revision 9052483'; Using compiler version '192528614'; Build Type 'Release'
OS: 'Windows 10 Enterprise; OS build 19041.867; Version 2004; 64bit' Language: 'ko' Physical Memory: 4011 MB
BatchMode: 1, IsHumanControllingUs: 0, StartBugReporterOnCrash: 0, Is64bit: 1, IsPro: 0

 COMMAND LINE ARGUMENTS:
C:\Program Files\Unity\Hub\Editor\2020.2.6f1\Editor\Unity.exe
-adb2
-batchMode
-noUpm
-name
AssetImportWorker0
-projectPath
C:/Users/Administrator/Desktop/unity(게임실습)/Anima2D
-logFile
Logs/AssetImportWorker0.log
-srvPort
14237
Successfully changed project path to: C:/Users/Administrator/Desktop/unity(게임실습)/Anima2D
C:/Users/Administrator/Desktop/unity(게임실습)/Anima2D
Using Asset Import Pipeline V2.
Refreshing native plugins compatible for Editor in 74.29 ms, found 2 plugins.
Preloading 0 native plugins for Editor in 0.00 ms.
Initialize engine version: 2020.2.6f1 (8a2143876886)
[Subsystems] Discovering subsystems at path C:/Program Files/Unity/Hub/Editor/2020.2.6f1/Editor/Data/Resources/UnitySubsystems
[Subsystems] Discovering subsystems at path C:/Users/Administrator/Desktop/unity(게임실습)/Anima2D/Assets
GfxDevice: creating device client; threaded=0
Direct3D:
    Version:  Direct3D 11.0 [level 11.1]
    Renderer: Intel(R) HD Graphics 620 (ID=0x5916)
    Vendor:   
    VRAM:     2005 MB
    Driver:   25.20.100.6518
Initialize mono
Mono path[0] = 'C:/Program Files/Unity/Hub/Editor/2020.2.6f1/Editor/Data/Managed'
Mono path[1] = 'C:/Program Files/Unity/Hub/Editor/2020.2.6f1/Editor/Data/MonoBleedingEdge/lib/mono/unityjit'
Mono config path = 'C:/Program Files/Unity/Hub/Editor/2020.2.6f1/Editor/Data/MonoBleedingEdge/etc'
Using monoOptions --debugger-agent=transport=dt_socket,embedding=1,server=y,suspend=n,address=127.0.0.1:56960
Begin MonoManager ReloadAssembly
Registering precompiled unity dll's ...
Register platform support module: C:/Program Files/Unity/Hub/Editor/2020.2.6f1/Editor/Data/PlaybackEngines/WindowsStandaloneSupport/UnityEditor.WindowsStandalone.Extensions.dll
Registered in 0.007976 seconds.
Native extension for WindowsStandalone target not found
Refreshing native plugins compatible for Editor in 52.96 ms, found 2 plugins.
Preloading 0 native plugins for Editor in 0.00 ms.
Invoked RoslynAnalysisRunner static constructor.
RoslynAnalysisRunner will not be running.
RoslynAnalysisRunner has terminated.
Mono: successfully reloaded assembly
- Completed reload, in  6.886 seconds
Platform modules already initialized, skipping
Registering precompiled user dll's ...
Registered in 0.005118 seconds.
Begin MonoManager ReloadAssembly
Native extension for WindowsStandalone target not found
Refreshing native plugins compatible for Editor in 49.18 ms, found 2 plugins.
Preloading 0 native plugins for Editor in 0.00 ms.
Invoked RoslynAnalysisRunner static constructor.
RoslynAnalysisRunner will not be running.
RoslynAnalysisRunner has terminated.
Mono: successfully reloaded assembly
- Completed reload, in  1.571 seconds
Platform modules already initialized, skipping
========================================================================
Worker process is ready to serve import requests
Launched and connected shader compiler UnityShaderCompiler.exe after 0.16 seconds
Refreshing native plugins compatible for Editor in 0.60 ms, found 2 plugins.
Preloading 0 native plugins for Editor in 0.00 ms.
Unloading 1968 Unused Serialized files (Serialized files now loaded: 0)
System memory in use before: 92.8 MB.
System memory in use after: 92.7 MB.

Unloading 27 unused Assets to reduce memory usage. Loaded Objects now: 2407.
Total: 2.746900 ms (FindLiveObjects: 0.245700 ms CreateObjectMapping: 0.121200 ms MarkObjects: 2.218000 ms  DeleteObjects: 0.159500 ms)

========================================================================
Received Import Request.
  path: Assets/Logan.png
  artifactKey: Guid(935d3fdbbf5f0ab428406a807033bc6b) Importer(815301076,1909f56bfc062723c751e8b465ee728b)
Start importing Assets/Logan.png using Guid(935d3fdbbf5f0ab428406a807033bc6b) Importer(815301076,1909f56bfc062723c751e8b465ee728b)  -> (artifact id: 'd39dca7b5d45e70f9d1fa56f313410de') in 0.631991 seconds
  Import took 0.655950 seconds .

========================================================================
Received Import Request.
  Time since last request: 249.843491 seconds.
  path: Assets/Logan.png
  artifactKey: Guid(935d3fdbbf5f0ab428406a807033bc6b) Importer(815301076,1909f56bfc062723c751e8b465ee728b)
Start importing Assets/Logan.png using Guid(935d3fdbbf5f0ab428406a807033bc6b) Importer(815301076,1909f56bfc062723c751e8b465ee728b)  -> (artifact id: '0e2ca8631a5df18c9f4b02a84553ede4') in 0.106876 seconds
  Import took 0.114266 seconds .

========================================================================
Received Import Request.
  Time since last request: 8.416631 seconds.
  path: Assets/Logan.png
  artifactKey: Guid(935d3fdbbf5f0ab428406a807033bc6b) Importer(815301076,1909f56bfc062723c751e8b465ee728b)
Start importing Assets/Logan.png using Guid(935d3fdbbf5f0ab428406a807033bc6b) Importer(815301076,1909f56bfc062723c751e8b465ee728b)  -> (artifact id: '4c22a3b1f1eee55c97797190970ce96d') in 0.083865 seconds
  Import took 0.089722 seconds .

========================================================================
Received Import Request.
  Time since last request: 0.000384 seconds.
  path: Assets/Logan_1.asset
  artifactKey: Guid(d4e1d5d75c8e3c4469836b4a6e0ccd7c) Importer(815301076,1909f56bfc062723c751e8b465ee728b)
Start importing Assets/Logan_1.asset using Guid(d4e1d5d75c8e3c4469836b4a6e0ccd7c) Importer(815301076,1909f56bfc062723c751e8b465ee728b)  -> (artifact id: 'fb1e1c1775c361d075c694e11e20b616') in 0.063983 seconds
  Import took 0.075230 seconds .

========================================================================
Received Import Request.
  Time since last request: 19.079990 seconds.
  path: Assets/Logan.png
  artifactKey: Guid(935d3fdbbf5f0ab428406a807033bc6b) Importer(815301076,1909f56bfc062723c751e8b465ee728b)
Start importing Assets/Logan.png using Guid(935d3fdbbf5f0ab428406a807033bc6b) Importer(815301076,1909f56bfc062723c751e8b465ee728b)  -> (artifact id: '0fb28981bdc841e281b54a73eb96dff8') in 0.094329 seconds
  Import took 0.108886 seconds .

========================================================================
Received Import Request.
  Time since last request: 0.000731 seconds.
  path: Assets/Logan_3.asset
  artifactKey: Guid(8f9d632494300fd4b844a89a17ee8e5b) Importer(815301076,1909f56bfc062723c751e8b465ee728b)
Start importing Assets/Logan_3.asset using Guid(8f9d632494300fd4b844a89a17ee8e5b) Importer(815301076,1909f56bfc062723c751e8b465ee728b)  -> (artifact id: '7274d29f7bfde9ec42f5f3ddaaa5d268') in 0.054543 seconds
  Import took 0.070138 seconds .

========================================================================
Received Import Request.
  Time since last request: 1.489360 seconds.
  path: Assets/Logan.png
  artifactKey: Guid(935d3fdbbf5f0ab428406a807033bc6b) Importer(815301076,1909f56bfc062723c751e8b465ee728b)
Start importing Assets/Logan.png using Guid(935d3fdbbf5f0ab428406a807033bc6b) Importer(815301076,1909f56bfc062723c751e8b465ee728b)  -> (artifact id: '60f1c3aad1b23cf4cc95b135b60a9676') in 0.448212 seconds
  Import took 0.560267 seconds .

========================================================================
Received Import Request.
  Time since last request: 11.408101 seconds.
  path: Assets/Logan.png
  artifactKey: Guid(935d3fdbbf5f0ab428406a807033bc6b) Importer(815301076,1909f56bfc062723c751e8b465ee728b)
Start importing Assets/Logan.png using Guid(935d3fdbbf5f0ab428406a807033bc6b) Importer(815301076,1909f56bfc062723c751e8b465ee728b)  -> (artifact id: 'c740a64a67bb35472503ad605f938cca') in 0.073931 seconds
  Import took 0.089215 seconds .

========================================================================
Received Import Request.
  Time since last request: 10.313045 seconds.
  path: Assets/Logan.png
  artifactKey: Guid(935d3fdbbf5f0ab428406a807033bc6b) Importer(815301076,1909f56bfc062723c751e8b465ee728b)
Start importing Assets/Logan.png using Guid(935d3fdbbf5f0ab428406a807033bc6b) Importer(815301076,1909f56bfc062723c751e8b465ee728b)  -> (artifact id: '3d11bfa6ee2c23ecd444272107fcc6a2') in 0.068572 seconds
  Import took 0.075238 seconds .

========================================================================
Received Import Request.
  Time since last request: 0.000487 seconds.
  path: Assets/Logan_4.asset
  artifactKey: Guid(8361c18c2dfe19540b90e9de4a1f6dad) Importer(815301076,1909f56bfc062723c751e8b465ee728b)
Start importing Assets/Logan_4.asset using Guid(8361c18c2dfe19540b90e9de4a1f6dad) Importer(815301076,1909f56bfc062723c751e8b465ee728b)  -> (artifact id: '811babbd39d69f7bf2cb0672fc45a369') in 0.032781 seconds
  Import took 0.042708 seconds .

========================================================================
Received Import Request.
  Time since last request: 1.943676 seconds.
  path: Assets/Logan.png
  artifactKey: Guid(935d3fdbbf5f0ab428406a807033bc6b) Importer(815301076,1909f56bfc062723c751e8b465ee728b)
Start importing Assets/Logan.png using Guid(935d3fdbbf5f0ab428406a807033bc6b) Importer(815301076,1909f56bfc062723c751e8b465ee728b)  -> (artifact id: 'f36669a1a5d0dca80e1ea38e37293400') in 0.163453 seconds
  Import took 0.181122 seconds .

========================================================================
Received Import Request.
  Time since last request: 1.375777 seconds.
  path: Assets/Logan.png
  artifactKey: Guid(935d3fdbbf5f0ab428406a807033bc6b) Importer(815301076,1909f56bfc062723c751e8b465ee728b)
Start importing Assets/Logan.png using Guid(935d3fdbbf5f0ab428406a807033bc6b) Importer(815301076,1909f56bfc062723c751e8b465ee728b)  -> (artifact id: '5f6875de3e480dedd62f092f0ff7dad3') in 0.140707 seconds
  Import took 0.154694 seconds .

========================================================================
Received Import Request.
  Time since last request: 9.518716 seconds.
  path: Assets/Logan.png
  artifactKey: Guid(935d3fdbbf5f0ab428406a807033bc6b) Importer(815301076,1909f56bfc062723c751e8b465ee728b)
Start importing Assets/Logan.png using Guid(935d3fdbbf5f0ab428406a807033bc6b) Importer(815301076,1909f56bfc062723c751e8b465ee728b)  -> (artifact id: 'a8f3b623b9d2eedf41719209371cb28a') in 0.091005 seconds
  Import took 0.106095 seconds .

========================================================================
Received Import Request.
  Time since last request: 7.418865 seconds.
  path: Assets/Logan.png
  artifactKey: Guid(935d3fdbbf5f0ab428406a807033bc6b) Importer(815301076,1909f56bfc062723c751e8b465ee728b)
Start importing Assets/Logan.png using Guid(935d3fdbbf5f0ab428406a807033bc6b) Importer(815301076,1909f56bfc062723c751e8b465ee728b)  -> (artifact id: '0bd2fe923aabe68a2b3d1e7467436032') in 0.114223 seconds
  Import took 0.128465 seconds .

========================================================================
Received Import Request.
  Time since last request: 0.000435 seconds.
  path: Assets/Logan_6.asset
  artifactKey: Guid(c2e7aba02a3535f41ab509ccec606d67) Importer(815301076,1909f56bfc062723c751e8b465ee728b)
Start importing Assets/Logan_6.asset using Guid(c2e7aba02a3535f41ab509ccec606d67) Importer(815301076,1909f56bfc062723c751e8b465ee728b)  -> (artifact id: 'c358f707f95ad15c07b6b0663945bbdb') in 0.041020 seconds
  Import took 0.049771 seconds .

